<?xml version="1.0" encoding="UTF-8"?>
<!-- Generated by org.testng.reporters.JUnitXMLReporter -->
<testsuite ignored="0" hostname="Chirag" failures="1" tests="1" name="com-tutorialsninja" time="0.321" errors="0" timestamp="2023-12-12T21:19:16 GMT">
  <testcase classname="com.tutorialsninja.demo.testsuite.AccountLoginPageTest" name="verifyThatUserShouldLoginAndLogoutSuccessfully" time="0.022">
    <failure type="org.testng.internal.reflect.MethodMatcherException" message="
[public void com.tutorialsninja.demo.testsuite.AccountLoginPageTest.verifyThatUserShouldLoginAndLogoutSuccessfully()] has no parameters defined but was found to be using a data provider (either explicitly specified or inherited from class level annotation).
Data provider mismatch
Method: verifyThatUserShouldLoginAndLogoutSuccessfully([])
Arguments: [(java.lang.String) Prim98473@gmail.com,(java.lang.String) Prime1234]">
      <![CDATA[org.testng.internal.reflect.MethodMatcherException: 
[public void com.tutorialsninja.demo.testsuite.AccountLoginPageTest.verifyThatUserShouldLoginAndLogoutSuccessfully()] has no parameters defined but was found to be using a data provider (either explicitly specified or inherited from class level annotation).
Data provider mismatch
Method: verifyThatUserShouldLoginAndLogoutSuccessfully([])
Arguments: [(java.lang.String) Prim98473@gmail.com,(java.lang.String) Prime1234]
at java.base/java.util.ArrayList.forEach(ArrayList.java:1596)
at com.intellij.rt.testng.IDEARemoteTestNG.run(IDEARemoteTestNG.java:66)
at com.intellij.rt.testng.RemoteTestNGStarter.main(RemoteTestNGStarter.java:105)
... Removed 19 stack frames]]>
    </failure>
  </testcase> <!-- verifyThatUserShouldLoginAndLogoutSuccessfully -->
</testsuite> <!-- com-tutorialsninja -->
